#-----------------------------------------------------------
# Vivado v2020.2 (64-bit)
# SW Build 3064766 on Wed Nov 18 09:12:45 MST 2020
# IP Build 3064653 on Wed Nov 18 14:17:31 MST 2020
# Start of session at: Fri Apr 30 08:39:56 2021
# Process ID: 15008
# Current directory: D:/Github/Project/DE1_Parking_assistant/top
# Command line: vivado.exe -gui_launcher_event rodinguilauncherevent15612 D:\Github\Project\DE1_Parking_assistant\top\top.xpr
# Log file: D:/Github/Project/DE1_Parking_assistant/top/vivado.log
# Journal file: D:/Github/Project/DE1_Parking_assistant/top\vivado.jou
#-----------------------------------------------------------
start_gui
open_project D:/Github/Project/DE1_Parking_assistant/top/top.xpr
WARNING: [filemgmt 56-3] Default IP Output Path : Could not find the directory 'D:/Github/Project/DE1_Parking_assistant/top/top.gen/sources_1'.
Scanning sources...
Finished scanning sources
INFO: [IP_Flow 19-234] Refreshing IP repositories
INFO: [IP_Flow 19-1704] No user IP repositories specified
INFO: [IP_Flow 19-2313] Loaded Vivado IP repository 'C:/Xilinx/Vivado/2020.2/data/ip'.
open_project: Time (s): cpu = 00:00:11 ; elapsed = 00:00:05 . Memory (MB): peak = 1003.270 ; gain = 0.000
update_compile_order -fileset sources_1
exit
INFO: [Common 17-206] Exiting Vivado at Fri Apr 30 08:42:17 2021...
